<?xml version="1.0" encoding="UTF-8"?>
<!-- Generated by org.testng.reporters.JUnitReportReporter -->
<testsuite hostname="DESKTOP-8CIBRGH" name="appTestScripts.EJLoginTest1" tests="1" failures="0" timestamp="6 Jul 2020 14:35:31 GMT" time="1.925" errors="0">
  <testcase name="loginTest" time="1.925" classname="appTestScripts.EJLoginTest1"/>
</testsuite> <!-- appTestScripts.EJLoginTest1 -->
