<?xml version="1.0" encoding="UTF-8"?>
<!-- Generated by org.testng.reporters.JUnitReportReporter -->
<testsuite hostname="DESKTOP-8CIBRGH" name="appTestScripts.TestWindowPage" tests="1" failures="0" timestamp="6 Jul 2020 12:32:09 GMT" time="68.020" errors="0">
  <testcase name="windowSwitchTest" time="68.020" classname="appTestScripts.TestWindowPage"/>
</testsuite> <!-- appTestScripts.TestWindowPage -->
