<?xml version="1.0" encoding="UTF-8"?>
<!-- Generated by org.testng.reporters.JUnitReportReporter -->
<testsuite hostname="DESKTOP-8CIBRGH" name="testsScripts.Test2" tests="1" failures="0" timestamp="6 Jul 2020 12:32:08 GMT" time="9.299" errors="0">
  <testcase name="runTest" time="9.299" classname="testsScripts.Test2"/>
</testsuite> <!-- testsScripts.Test2 -->
