<?xml version="1.0" encoding="UTF-8"?>
<!-- Generated by org.testng.reporters.JUnitReportReporter -->
<testsuite hostname="DESKTOP-8CIBRGH" name="appTestScripts.EJLogin1Test" tests="1" failures="0" timestamp="6 Jul 2020 14:38:46 GMT" time="1.622" errors="0">
  <testcase name="loginTest" time="1.622" classname="appTestScripts.EJLogin1Test"/>
</testsuite> <!-- appTestScripts.EJLogin1Test -->
